SF:lib/Model/Purchase.dart
DA:7,1
DA:10,1
DA:13,3
DA:14,1
DA:18,0
DA:21,0
DA:22,0
DA:23,0
DA:24,0
DA:25,0
LF:10
LH:4
end_of_record
SF:lib/Model/User.dart
DA:22,1
DA:25,0
DA:26,0
DA:27,0
DA:28,0
DA:29,0
DA:30,0
DA:31,0
DA:32,0
DA:36,0
DA:37,0
DA:38,0
DA:39,0
DA:40,0
DA:41,0
DA:42,0
DA:43,0
DA:44,0
DA:50,1
DA:51,1
DA:52,2
DA:53,2
DA:54,4
DA:57,0
DA:58,0
DA:59,0
DA:62,0
DA:65,0
DA:67,0
DA:68,0
DA:69,0
DA:72,1
DA:73,2
DA:76,1
DA:77,1
DA:81,1
DA:82,1
DA:83,2
DA:84,2
DA:85,2
DA:86,2
DA:87,4
DA:90,2
DA:91,5
DA:96,1
DA:97,0
DA:103,1
DA:104,1
DA:105,1
DA:106,1
DA:107,2
DA:108,5
DA:109,1
DA:110,1
DA:111,1
DA:120,1
DA:121,3
DA:122,3
DA:123,3
DA:125,3
DA:127,3
LF:61
LH:35
end_of_record
SF:lib/View/StatisticsPageView.dart
DA:15,1
DA:22,0
DA:25,0
DA:26,0
DA:31,0
DA:33,0
DA:35,0
DA:37,0
DA:39,0
DA:40,0
DA:41,0
DA:42,0
DA:43,0
DA:44,0
DA:47,0
DA:48,0
DA:49,0
DA:51,0
DA:52,0
DA:55,0
DA:56,0
DA:57,0
DA:59,0
DA:60,0
DA:61,0
DA:65,0
DA:66,0
DA:67,0
DA:68,0
DA:73,0
DA:76,0
DA:78,0
DA:80,0
DA:83,0
DA:84,0
DA:85,0
DA:87,0
DA:96,0
DA:97,0
DA:98,0
DA:100,0
DA:101,0
DA:104,0
DA:105,0
DA:106,0
DA:108,0
DA:109,0
DA:110,0
DA:114,0
DA:115,0
DA:116,0
DA:117,0
DA:122,0
DA:125,0
DA:127,0
DA:129,0
DA:132,0
DA:133,0
DA:134,0
DA:136,0
DA:147,0
DA:148,0
DA:149,0
DA:151,0
DA:154,0
DA:167,0
DA:169,0
DA:171,0
DA:172,0
DA:174,0
DA:175,0
DA:176,0
DA:177,0
DA:182,0
DA:184,0
DA:185,0
DA:186,0
DA:188,0
DA:189,0
DA:190,0
DA:192,0
DA:194,0
DA:195,0
LF:83
LH:1
end_of_record
SF:lib/Model/Comment.dart
DA:4,0
LF:1
LH:0
end_of_record
SF:lib/Model/Habit.dart
DA:7,0
LF:1
LH:0
end_of_record
SF:lib/Model/Post.dart
DA:8,0
LF:1
LH:0
end_of_record
SF:lib/View/EditExpenseView.dart
DA:7,0
DA:15,0
DA:16,0
DA:21,0
DA:24,0
DA:25,0
DA:26,0
DA:27,0
DA:28,0
DA:31,0
DA:32,0
DA:33,0
DA:40,0
DA:47,0
DA:51,0
DA:58,0
DA:59,0
DA:63,0
DA:64,0
DA:65,0
DA:67,0
DA:73,0
DA:74,0
DA:79,0
DA:80,0
DA:82,0
DA:84,0
DA:90,0
DA:92,0
DA:95,0
DA:99,0
DA:100,0
DA:106,0
DA:108,0
DA:109,0
DA:114,0
DA:115,0
DA:116,0
DA:117,0
DA:121,0
DA:122,0
DA:124,0
DA:126,0
DA:132,0
DA:134,0
DA:136,0
DA:139,0
DA:140,0
DA:148,0
DA:150,0
DA:152,0
DA:162,0
DA:163,0
DA:168,0
DA:171,0
DA:172,0
DA:175,0
DA:176,0
DA:177,0
DA:178,0
DA:179,0
DA:180,0
DA:182,0
DA:185,0
DA:201,0
DA:202,0
DA:211,0
DA:212,0
LF:68
LH:0
end_of_record
SF:lib/View/PurchaseList.dart
DA:15,0
DA:18,0
DA:19,0
DA:25,0
DA:27,0
DA:28,0
DA:29,0
DA:31,0
DA:32,0
DA:33,0
DA:34,0
DA:35,0
DA:36,0
DA:38,0
DA:42,0
DA:43,0
DA:44,0
DA:46,0
DA:47,0
DA:48,0
DA:51,0
LF:21
LH:0
end_of_record
